<?xml version="1.0" encoding="UTF-8"?>
<!-- Generated by org.testng.reporters.JUnitReportReporter -->
<testsuite hostname="MacBook-Pro.local" failures="0" tests="1" name="testCases.FillFormTest" time="1.552" errors="0" timestamp="04 Mar 2020 15:19:48 GMT" skipped="0">
  <testcase classname="testCases.FillFormTest" name="fillform" time="1.552"/>
</testsuite> <!-- testCases.FillFormTest -->
