<?xml version="1.0" encoding="UTF-8"?>
<!-- Generated by org.testng.reporters.JUnitReportReporter -->
<testsuite hostname="MacBook-Pro.local" failures="0" tests="2" name="testCases.FillFormTest" time="9.519" errors="0" timestamp="04 Mar 2020 19:40:56 GMT" skipped="0">
  <testcase classname="testCases.FillFormTest" name="fillform" time="6.045"/>
  <testcase classname="testCases.FillFormTest" name="fillform" time="3.474"/>
</testsuite> <!-- testCases.FillFormTest -->
